No validator found for JSON Schema version identifier 'http://json-schema.org/draft-06/schema#'
Defaulting to validator for JSON Schema version 'http://json-schema.org/draft-04/schema#'
Note that schema file may not be validated correctly.
Building DAG of jobs...
Using shell: /bin/bash
Provided cores: 1
Rules claiming more threads will be scaled down.
Job counts:
	count	jobs
	1	all
	1	bwa_alignment
	1	trimmomatic_trimming_PE
	3

[Sat Feb  2 19:12:34 2019]
rule trimmomatic_trimming_PE:
    input: /home/kuan-hao/Documents/bioinformatics/Virus/virus_data/a.txt
    output: a.upper.txt
    jobid: 3
    wildcards: filename=a

RuleException in line 3 of /home/kuan-hao/Documents/bioinformatics/Virus/VirusRNASeq/rules/trimmomatic_trimming_PE.snakefile:
NameError: The name 'sample_dir' is unknown in this context. Please make sure that you defined that variable. Also note that braces not used for variable access have to be escaped by repeating them, i.e. {{print $1}}
