No validator found for JSON Schema version identifier 'http://json-schema.org/draft-06/schema#'
Defaulting to validator for JSON Schema version 'http://json-schema.org/draft-04/schema#'
Note that schema file may not be validated correctly.
Building DAG of jobs...
Using shell: /bin/bash
Provided cores: 1
Rules claiming more threads will be scaled down.
Job counts:
	count	jobs
	1	all
	2	bwa_alignment
	2	trimmomatic_trimming_PE
	5

[Sat Feb  2 19:24:15 2019]
rule trimmomatic_trimming_PE:
    input: /home/kuan-hao/Documents/bioinformatics/Virus/analysis_results/b.txt
    output: /home/kuan-hao/Documents/bioinformatics/Virus/analysis_results/b.upper.txt
    jobid: 4
    wildcards: filename=b

RuleException in line 3 of /home/kuan-hao/Documents/bioinformatics/Virus/VirusRNASeq/rules/trimmomatic_trimming_PE.snakefile:
NameError: The name 'f2' is unknown in this context. Please make sure that you defined that variable. Also note that braces not used for variable access have to be escaped by repeating them, i.e. {{print $1}}
