[2020-03-09 00:46:26,039: DEBUG/ForkPoolWorker-12] (0.002) SELECT "django_celery_results_taskresult"."id", "django_celery_results_taskresult"."task_id", "django_celery_results_taskresult"."task_name", "django_celery_results_taskresult"."task_args", "django_celery_results_taskresult"."task_kwargs", "django_celery_results_taskresult"."status", "django_celery_results_taskresult"."content_type", "django_celery_results_taskresult"."content_encoding", "django_celery_results_taskresult"."result", "django_celery_results_taskresult"."date_done", "django_celery_results_taskresult"."traceback", "django_celery_results_taskresult"."hidden", "django_celery_results_taskresult"."meta" FROM "django_celery_results_taskresult" WHERE "django_celery_results_taskresult"."task_id" = 'Projecta8f7374e615a11eaa251e41f1345dc74denovo_three@gmail.com16ebdbdc615c11ea8fc2e41f1345dc74'; args=('Projecta8f7374e615a11eaa251e41f1345dc74denovo_three@gmail.com16ebdbdc615c11ea8fc2e41f1345dc74',)
[2020-03-09 00:46:26,040: DEBUG/ForkPoolWorker-12] (0.000) BEGIN; args=None
[2020-03-09 00:46:26,043: DEBUG/ForkPoolWorker-12] (0.001) INSERT INTO "django_celery_results_taskresult" ("task_id", "task_name", "task_args", "task_kwargs", "status", "content_type", "content_encoding", "result", "date_done", "traceback", "hidden", "meta") VALUES ('Projecta8f7374e615a11eaa251e41f1345dc74denovo_three@gmail.com16ebdbdc615c11ea8fc2e41f1345dc74', 'dataanalysis.tasks.start_snakemake_task', '[''/ssd/Howard/Virus/bacteriaNGS/VirusRNASeq/media/tmp/Projecta8f7374e615a11eaa251e41f1345dc74_denovo_three@gmail.com_16ebdbdc615c11ea8fc2e41f1345dc74'']', '{}', 'STARTED', 'application/json', 'utf-8', '{"pid": 29436, "hostname": "worker1@localhost.localdomain"}', '2020-03-08 16:46:26.041984', NULL, 0, '{"children": []}'); args=['Projecta8f7374e615a11eaa251e41f1345dc74denovo_three@gmail.com16ebdbdc615c11ea8fc2e41f1345dc74', 'dataanalysis.tasks.start_snakemake_task', "['/ssd/Howard/Virus/bacteriaNGS/VirusRNASeq/media/tmp/Projecta8f7374e615a11eaa251e41f1345dc74_denovo_three@gmail.com_16ebdbdc615c11ea8fc2e41f1345dc74']", '{}', 'STARTED', 'application/json', 'utf-8', '{"pid": 29436, "hostname": "worker1@localhost.localdomain"}', '2020-03-08 16:46:26.041984', None, False, '{"children": []}']
[2020-03-09 00:46:26,046: WARNING/ForkPoolWorker-12] snakefile!! :
[2020-03-09 00:46:26,046: WARNING/ForkPoolWorker-12] /ssd/Howard/Virus/bacteriaNGS/VirusRNASeq/media/tmp/Projecta8f7374e615a11eaa251e41f1345dc74_denovo_three@gmail.com_16ebdbdc615c11ea8fc2e41f1345dc74/Snakefile
[2020-03-09 00:46:26,054: WARNING/ForkPoolWorker-12] c.pid:
[2020-03-09 00:46:26,054: WARNING/ForkPoolWorker-12] 20808
[2020-03-09 00:46:26,055: WARNING/ForkPoolWorker-12] c.out: whoami ~
[2020-03-09 00:46:26,055: WARNING/ForkPoolWorker-12] apache
[2020-03-09 00:46:26,055: WARNING/ForkPoolWorker-12] c.return_code:
[2020-03-09 00:46:26,055: WARNING/ForkPoolWorker-12] None
[2020-03-09 00:46:26,061: WARNING/ForkPoolWorker-12] c.pid:
[2020-03-09 00:46:26,062: WARNING/ForkPoolWorker-12] 20810
[2020-03-09 00:46:26,062: WARNING/ForkPoolWorker-12] c.out: groups ~
[2020-03-09 00:46:26,062: WARNING/ForkPoolWorker-12] apache root wheel celery
[2020-03-09 00:46:26,063: WARNING/ForkPoolWorker-12] c.return_code:
[2020-03-09 00:46:26,063: WARNING/ForkPoolWorker-12] None
[2020-03-09 00:46:26,063: WARNING/ForkPoolWorker-12] Second time!
[2020-03-09 12:01:12,672: WARNING/ForkPoolWorker-12] snakemake_result:
[2020-03-09 12:01:12,673: WARNING/ForkPoolWorker-12] 1
[2020-03-09 12:01:12,676: DEBUG/ForkPoolWorker-12] (0.000) SELECT "django_celery_results_taskresult"."id", "django_celery_results_taskresult"."task_id", "django_celery_results_taskresult"."task_name", "django_celery_results_taskresult"."task_args", "django_celery_results_taskresult"."task_kwargs", "django_celery_results_taskresult"."status", "django_celery_results_taskresult"."content_type", "django_celery_results_taskresult"."content_encoding", "django_celery_results_taskresult"."result", "django_celery_results_taskresult"."date_done", "django_celery_results_taskresult"."traceback", "django_celery_results_taskresult"."hidden", "django_celery_results_taskresult"."meta" FROM "django_celery_results_taskresult" WHERE "django_celery_results_taskresult"."task_id" = 'Projecta8f7374e615a11eaa251e41f1345dc74denovo_three@gmail.com16ebdbdc615c11ea8fc2e41f1345dc74'; args=('Projecta8f7374e615a11eaa251e41f1345dc74denovo_three@gmail.com16ebdbdc615c11ea8fc2e41f1345dc74',)
[2020-03-09 12:01:12,682: DEBUG/ForkPoolWorker-12] (0.003) UPDATE "django_celery_results_taskresult" SET "task_id" = 'Projecta8f7374e615a11eaa251e41f1345dc74denovo_three@gmail.com16ebdbdc615c11ea8fc2e41f1345dc74', "task_name" = 'dataanalysis.tasks.start_snakemake_task', "task_args" = '[''/ssd/Howard/Virus/bacteriaNGS/VirusRNASeq/media/tmp/Projecta8f7374e615a11eaa251e41f1345dc74_denovo_three@gmail.com_16ebdbdc615c11ea8fc2e41f1345dc74'']', "task_kwargs" = '{}', "status" = 'SUCCESS', "content_type" = 'application/json', "content_encoding" = 'utf-8', "result" = 'null', "date_done" = '2020-03-09 04:01:12.678107', "traceback" = NULL, "hidden" = 0, "meta" = '{"children": []}' WHERE "django_celery_results_taskresult"."id" = 167; args=('Projecta8f7374e615a11eaa251e41f1345dc74denovo_three@gmail.com16ebdbdc615c11ea8fc2e41f1345dc74', 'dataanalysis.tasks.start_snakemake_task', "['/ssd/Howard/Virus/bacteriaNGS/VirusRNASeq/media/tmp/Projecta8f7374e615a11eaa251e41f1345dc74_denovo_three@gmail.com_16ebdbdc615c11ea8fc2e41f1345dc74']", '{}', 'SUCCESS', 'application/json', 'utf-8', 'null', '2020-03-09 04:01:12.678107', False, '{"children": []}', 167)
