[2020-02-22 00:27:41,812: WARNING/ForkPoolWorker-2] Start snakemake
[2020-02-22 00:27:41,813: WARNING/ForkPoolWorker-2] working_directory:
[2020-02-22 00:27:41,813: WARNING/ForkPoolWorker-2] /ssd/Howard/Virus/bacteriaNGS/VirusRNASeq/media/tmp/Projectdb58fbe654c611ea8b6be41f1345dc74_b05901180@ntu.edu.tw_e3b5ee1654c611eab992e41f1345dc74
[2020-02-22 00:27:41,813: WARNING/ForkPoolWorker-2] Print finished !!
[2020-02-22 00:27:41,813: WARNING/ForkPoolWorker-2] snakefile!! :
[2020-02-22 00:27:41,813: WARNING/ForkPoolWorker-2] /ssd/Howard/Virus/bacteriaNGS/VirusRNASeq/media/tmp/Projectdb58fbe654c611ea8b6be41f1345dc74_b05901180@ntu.edu.tw_e3b5ee1654c611eab992e41f1345dc74/Snakefile
[2020-02-22 00:27:41,820: WARNING/ForkPoolWorker-2] c.pid:
[2020-02-22 00:27:41,820: WARNING/ForkPoolWorker-2] 19469
[2020-02-22 00:27:41,821: WARNING/ForkPoolWorker-2] c.out: whoami ~
[2020-02-22 00:27:41,821: WARNING/ForkPoolWorker-2] apache
[2020-02-22 00:27:41,821: WARNING/ForkPoolWorker-2] c.return_code:
[2020-02-22 00:27:41,821: WARNING/ForkPoolWorker-2] None
[2020-02-22 00:27:41,826: WARNING/ForkPoolWorker-2] c.pid:
[2020-02-22 00:27:41,826: WARNING/ForkPoolWorker-2] 19472
[2020-02-22 00:27:41,827: WARNING/ForkPoolWorker-2] c.out: groups ~
[2020-02-22 00:27:41,827: WARNING/ForkPoolWorker-2] apache root wheel celery
[2020-02-22 00:27:41,827: WARNING/ForkPoolWorker-2] c.return_code:
[2020-02-22 00:27:41,827: WARNING/ForkPoolWorker-2] None
[2020-02-22 00:27:41,827: WARNING/ForkPoolWorker-2] Second time!
[2020-02-22 00:27:42,695: WARNING/ForkPoolWorker-2] snakemake_result:
[2020-02-22 00:27:42,696: WARNING/ForkPoolWorker-2] 1
