[2020-03-07 12:44:59,418: DEBUG/ForkPoolWorker-14] (0.002) SELECT "django_celery_results_taskresult"."id", "django_celery_results_taskresult"."task_id", "django_celery_results_taskresult"."task_name", "django_celery_results_taskresult"."task_args", "django_celery_results_taskresult"."task_kwargs", "django_celery_results_taskresult"."status", "django_celery_results_taskresult"."content_type", "django_celery_results_taskresult"."content_encoding", "django_celery_results_taskresult"."result", "django_celery_results_taskresult"."date_done", "django_celery_results_taskresult"."traceback", "django_celery_results_taskresult"."hidden", "django_celery_results_taskresult"."meta" FROM "django_celery_results_taskresult" WHERE "django_celery_results_taskresult"."task_id" = 'Projectf4444b16602d11eabbe5e41f1345dc74reference@gmail.comf89cee2a602d11ea9c4fe41f1345dc74'; args=('Projectf4444b16602d11eabbe5e41f1345dc74reference@gmail.comf89cee2a602d11ea9c4fe41f1345dc74',)
[2020-03-07 12:44:59,419: DEBUG/ForkPoolWorker-14] (0.000) BEGIN; args=None
[2020-03-07 12:44:59,421: DEBUG/ForkPoolWorker-14] (0.000) INSERT INTO "django_celery_results_taskresult" ("task_id", "task_name", "task_args", "task_kwargs", "status", "content_type", "content_encoding", "result", "date_done", "traceback", "hidden", "meta") VALUES ('Projectf4444b16602d11eabbe5e41f1345dc74reference@gmail.comf89cee2a602d11ea9c4fe41f1345dc74', 'dataanalysis.tasks.start_snakemake_task', '[''/ssd/Howard/Virus/bacteriaNGS/VirusRNASeq/media/tmp/Projectf4444b16602d11eabbe5e41f1345dc74_reference@gmail.com_f89cee2a602d11ea9c4fe41f1345dc74'']', '{}', 'STARTED', 'application/json', 'utf-8', '{"pid": 27835, "hostname": "worker1@localhost.localdomain"}', '2020-03-07 04:44:59.420257', NULL, 0, '{"children": []}'); args=['Projectf4444b16602d11eabbe5e41f1345dc74reference@gmail.comf89cee2a602d11ea9c4fe41f1345dc74', 'dataanalysis.tasks.start_snakemake_task', "['/ssd/Howard/Virus/bacteriaNGS/VirusRNASeq/media/tmp/Projectf4444b16602d11eabbe5e41f1345dc74_reference@gmail.com_f89cee2a602d11ea9c4fe41f1345dc74']", '{}', 'STARTED', 'application/json', 'utf-8', '{"pid": 27835, "hostname": "worker1@localhost.localdomain"}', '2020-03-07 04:44:59.420257', None, False, '{"children": []}']
[2020-03-07 12:44:59,424: WARNING/ForkPoolWorker-14] snakefile!! :
[2020-03-07 12:44:59,424: WARNING/ForkPoolWorker-14] /ssd/Howard/Virus/bacteriaNGS/VirusRNASeq/media/tmp/Projectf4444b16602d11eabbe5e41f1345dc74_reference@gmail.com_f89cee2a602d11ea9c4fe41f1345dc74/Snakefile
[2020-03-07 12:44:59,434: WARNING/ForkPoolWorker-14] c.pid:
[2020-03-07 12:44:59,435: WARNING/ForkPoolWorker-14] 27914
[2020-03-07 12:44:59,435: WARNING/ForkPoolWorker-14] c.out: whoami ~
[2020-03-07 12:44:59,436: WARNING/ForkPoolWorker-14] apache
[2020-03-07 12:44:59,436: WARNING/ForkPoolWorker-14] c.return_code:
[2020-03-07 12:44:59,436: WARNING/ForkPoolWorker-14] None
[2020-03-07 12:44:59,443: WARNING/ForkPoolWorker-14] c.pid:
[2020-03-07 12:44:59,443: WARNING/ForkPoolWorker-14] 27916
[2020-03-07 12:44:59,444: WARNING/ForkPoolWorker-14] c.out: groups ~
[2020-03-07 12:44:59,444: WARNING/ForkPoolWorker-14] apache root wheel celery
[2020-03-07 12:44:59,444: WARNING/ForkPoolWorker-14] c.return_code:
[2020-03-07 12:44:59,444: WARNING/ForkPoolWorker-14] None
[2020-03-07 12:44:59,445: WARNING/ForkPoolWorker-14] Second time!
[2020-03-07 12:45:00,336: WARNING/ForkPoolWorker-14] snakemake_result:
[2020-03-07 12:45:00,336: WARNING/ForkPoolWorker-14] 1
[2020-03-07 12:45:00,339: DEBUG/ForkPoolWorker-14] (0.000) SELECT "django_celery_results_taskresult"."id", "django_celery_results_taskresult"."task_id", "django_celery_results_taskresult"."task_name", "django_celery_results_taskresult"."task_args", "django_celery_results_taskresult"."task_kwargs", "django_celery_results_taskresult"."status", "django_celery_results_taskresult"."content_type", "django_celery_results_taskresult"."content_encoding", "django_celery_results_taskresult"."result", "django_celery_results_taskresult"."date_done", "django_celery_results_taskresult"."traceback", "django_celery_results_taskresult"."hidden", "django_celery_results_taskresult"."meta" FROM "django_celery_results_taskresult" WHERE "django_celery_results_taskresult"."task_id" = 'Projectf4444b16602d11eabbe5e41f1345dc74reference@gmail.comf89cee2a602d11ea9c4fe41f1345dc74'; args=('Projectf4444b16602d11eabbe5e41f1345dc74reference@gmail.comf89cee2a602d11ea9c4fe41f1345dc74',)
[2020-03-07 12:45:00,346: DEBUG/ForkPoolWorker-14] (0.004) UPDATE "django_celery_results_taskresult" SET "task_id" = 'Projectf4444b16602d11eabbe5e41f1345dc74reference@gmail.comf89cee2a602d11ea9c4fe41f1345dc74', "task_name" = 'dataanalysis.tasks.start_snakemake_task', "task_args" = '[''/ssd/Howard/Virus/bacteriaNGS/VirusRNASeq/media/tmp/Projectf4444b16602d11eabbe5e41f1345dc74_reference@gmail.com_f89cee2a602d11ea9c4fe41f1345dc74'']', "task_kwargs" = '{}', "status" = 'SUCCESS', "content_type" = 'application/json', "content_encoding" = 'utf-8', "result" = 'null', "date_done" = '2020-03-07 04:45:00.341032', "traceback" = NULL, "hidden" = 0, "meta" = '{"children": []}' WHERE "django_celery_results_taskresult"."id" = 159; args=('Projectf4444b16602d11eabbe5e41f1345dc74reference@gmail.comf89cee2a602d11ea9c4fe41f1345dc74', 'dataanalysis.tasks.start_snakemake_task', "['/ssd/Howard/Virus/bacteriaNGS/VirusRNASeq/media/tmp/Projectf4444b16602d11eabbe5e41f1345dc74_reference@gmail.com_f89cee2a602d11ea9c4fe41f1345dc74']", '{}', 'SUCCESS', 'application/json', 'utf-8', 'null', '2020-03-07 04:45:00.341032', False, '{"children": []}', 159)
[2020-03-07 13:46:21,686: DEBUG/ForkPoolWorker-14] (0.002) SELECT "django_celery_results_taskresult"."id", "django_celery_results_taskresult"."task_id", "django_celery_results_taskresult"."task_name", "django_celery_results_taskresult"."task_args", "django_celery_results_taskresult"."task_kwargs", "django_celery_results_taskresult"."status", "django_celery_results_taskresult"."content_type", "django_celery_results_taskresult"."content_encoding", "django_celery_results_taskresult"."result", "django_celery_results_taskresult"."date_done", "django_celery_results_taskresult"."traceback", "django_celery_results_taskresult"."hidden", "django_celery_results_taskresult"."meta" FROM "django_celery_results_taskresult" WHERE "django_celery_results_taskresult"."task_id" = 'Project541bde3e603611ea84dde41f1345dc74reference@gmail.com594b7766603611ea9455e41f1345dc74'; args=('Project541bde3e603611ea84dde41f1345dc74reference@gmail.com594b7766603611ea9455e41f1345dc74',)
[2020-03-07 13:46:21,687: DEBUG/ForkPoolWorker-14] (0.000) BEGIN; args=None
[2020-03-07 13:46:21,689: DEBUG/ForkPoolWorker-14] (0.001) INSERT INTO "django_celery_results_taskresult" ("task_id", "task_name", "task_args", "task_kwargs", "status", "content_type", "content_encoding", "result", "date_done", "traceback", "hidden", "meta") VALUES ('Project541bde3e603611ea84dde41f1345dc74reference@gmail.com594b7766603611ea9455e41f1345dc74', 'dataanalysis.tasks.start_snakemake_task', '[''/ssd/Howard/Virus/bacteriaNGS/VirusRNASeq/media/tmp/Project541bde3e603611ea84dde41f1345dc74_reference@gmail.com_594b7766603611ea9455e41f1345dc74'']', '{}', 'STARTED', 'application/json', 'utf-8', '{"pid": 29438, "hostname": "worker1@localhost.localdomain"}', '2020-03-07 05:46:21.688635', NULL, 0, '{"children": []}'); args=['Project541bde3e603611ea84dde41f1345dc74reference@gmail.com594b7766603611ea9455e41f1345dc74', 'dataanalysis.tasks.start_snakemake_task', "['/ssd/Howard/Virus/bacteriaNGS/VirusRNASeq/media/tmp/Project541bde3e603611ea84dde41f1345dc74_reference@gmail.com_594b7766603611ea9455e41f1345dc74']", '{}', 'STARTED', 'application/json', 'utf-8', '{"pid": 29438, "hostname": "worker1@localhost.localdomain"}', '2020-03-07 05:46:21.688635', None, False, '{"children": []}']
[2020-03-07 13:46:21,694: WARNING/ForkPoolWorker-14] snakefile!! :
[2020-03-07 13:46:21,694: WARNING/ForkPoolWorker-14] /ssd/Howard/Virus/bacteriaNGS/VirusRNASeq/media/tmp/Project541bde3e603611ea84dde41f1345dc74_reference@gmail.com_594b7766603611ea9455e41f1345dc74/Snakefile
[2020-03-07 13:46:21,703: WARNING/ForkPoolWorker-14] c.pid:
[2020-03-07 13:46:21,703: WARNING/ForkPoolWorker-14] 29525
[2020-03-07 13:46:21,704: WARNING/ForkPoolWorker-14] c.out: whoami ~
[2020-03-07 13:46:21,704: WARNING/ForkPoolWorker-14] apache
[2020-03-07 13:46:21,704: WARNING/ForkPoolWorker-14] c.return_code:
[2020-03-07 13:46:21,704: WARNING/ForkPoolWorker-14] None
[2020-03-07 13:46:21,710: WARNING/ForkPoolWorker-14] c.pid:
[2020-03-07 13:46:21,710: WARNING/ForkPoolWorker-14] 29527
[2020-03-07 13:46:21,711: WARNING/ForkPoolWorker-14] c.out: groups ~
[2020-03-07 13:46:21,711: WARNING/ForkPoolWorker-14] apache root wheel celery
[2020-03-07 13:46:21,711: WARNING/ForkPoolWorker-14] c.return_code:
[2020-03-07 13:46:21,711: WARNING/ForkPoolWorker-14] None
[2020-03-07 13:46:21,711: WARNING/ForkPoolWorker-14] Second time!
[2020-03-07 13:46:22,547: WARNING/ForkPoolWorker-14] snakemake_result:
[2020-03-07 13:46:22,548: WARNING/ForkPoolWorker-14] 1
[2020-03-07 13:46:22,550: DEBUG/ForkPoolWorker-14] (0.000) SELECT "django_celery_results_taskresult"."id", "django_celery_results_taskresult"."task_id", "django_celery_results_taskresult"."task_name", "django_celery_results_taskresult"."task_args", "django_celery_results_taskresult"."task_kwargs", "django_celery_results_taskresult"."status", "django_celery_results_taskresult"."content_type", "django_celery_results_taskresult"."content_encoding", "django_celery_results_taskresult"."result", "django_celery_results_taskresult"."date_done", "django_celery_results_taskresult"."traceback", "django_celery_results_taskresult"."hidden", "django_celery_results_taskresult"."meta" FROM "django_celery_results_taskresult" WHERE "django_celery_results_taskresult"."task_id" = 'Project541bde3e603611ea84dde41f1345dc74reference@gmail.com594b7766603611ea9455e41f1345dc74'; args=('Project541bde3e603611ea84dde41f1345dc74reference@gmail.com594b7766603611ea9455e41f1345dc74',)
[2020-03-07 13:46:22,556: DEBUG/ForkPoolWorker-14] (0.004) UPDATE "django_celery_results_taskresult" SET "task_id" = 'Project541bde3e603611ea84dde41f1345dc74reference@gmail.com594b7766603611ea9455e41f1345dc74', "task_name" = 'dataanalysis.tasks.start_snakemake_task', "task_args" = '[''/ssd/Howard/Virus/bacteriaNGS/VirusRNASeq/media/tmp/Project541bde3e603611ea84dde41f1345dc74_reference@gmail.com_594b7766603611ea9455e41f1345dc74'']', "task_kwargs" = '{}', "status" = 'SUCCESS', "content_type" = 'application/json', "content_encoding" = 'utf-8', "result" = 'null', "date_done" = '2020-03-07 05:46:22.551939', "traceback" = NULL, "hidden" = 0, "meta" = '{"children": []}' WHERE "django_celery_results_taskresult"."id" = 160; args=('Project541bde3e603611ea84dde41f1345dc74reference@gmail.com594b7766603611ea9455e41f1345dc74', 'dataanalysis.tasks.start_snakemake_task', "['/ssd/Howard/Virus/bacteriaNGS/VirusRNASeq/media/tmp/Project541bde3e603611ea84dde41f1345dc74_reference@gmail.com_594b7766603611ea9455e41f1345dc74']", '{}', 'SUCCESS', 'application/json', 'utf-8', 'null', '2020-03-07 05:46:22.551939', False, '{"children": []}', 160)
[2020-03-09 14:21:42,640: DEBUG/ForkPoolWorker-14] (0.001) SELECT "django_celery_results_taskresult"."id", "django_celery_results_taskresult"."task_id", "django_celery_results_taskresult"."task_name", "django_celery_results_taskresult"."task_args", "django_celery_results_taskresult"."task_kwargs", "django_celery_results_taskresult"."status", "django_celery_results_taskresult"."content_type", "django_celery_results_taskresult"."content_encoding", "django_celery_results_taskresult"."result", "django_celery_results_taskresult"."date_done", "django_celery_results_taskresult"."traceback", "django_celery_results_taskresult"."hidden", "django_celery_results_taskresult"."meta" FROM "django_celery_results_taskresult" WHERE "django_celery_results_taskresult"."task_id" = 'Project2eb8970660d911ea8fc2e41f1345dc74virus@gmail.com328cbc3660d911eaa251e41f1345dc74'; args=('Project2eb8970660d911ea8fc2e41f1345dc74virus@gmail.com328cbc3660d911eaa251e41f1345dc74',)
[2020-03-09 14:21:42,641: DEBUG/ForkPoolWorker-14] (0.000) BEGIN; args=None
[2020-03-09 14:21:42,645: DEBUG/ForkPoolWorker-14] (0.004) INSERT INTO "django_celery_results_taskresult" ("task_id", "task_name", "task_args", "task_kwargs", "status", "content_type", "content_encoding", "result", "date_done", "traceback", "hidden", "meta") VALUES ('Project2eb8970660d911ea8fc2e41f1345dc74virus@gmail.com328cbc3660d911eaa251e41f1345dc74', 'dataanalysis.tasks.start_snakemake_task', '[''/ssd/Howard/Virus/bacteriaNGS/VirusRNASeq/media/tmp/Project2eb8970660d911ea8fc2e41f1345dc74_virus@gmail.com_328cbc3660d911eaa251e41f1345dc74'']', '{}', 'STARTED', 'application/json', 'utf-8', '{"pid": 29438, "hostname": "worker1@localhost.localdomain"}', '2020-03-09 06:21:42.641663', NULL, 0, '{"children": []}'); args=['Project2eb8970660d911ea8fc2e41f1345dc74virus@gmail.com328cbc3660d911eaa251e41f1345dc74', 'dataanalysis.tasks.start_snakemake_task', "['/ssd/Howard/Virus/bacteriaNGS/VirusRNASeq/media/tmp/Project2eb8970660d911ea8fc2e41f1345dc74_virus@gmail.com_328cbc3660d911eaa251e41f1345dc74']", '{}', 'STARTED', 'application/json', 'utf-8', '{"pid": 29438, "hostname": "worker1@localhost.localdomain"}', '2020-03-09 06:21:42.641663', None, False, '{"children": []}']
[2020-03-09 14:21:42,648: WARNING/ForkPoolWorker-14] snakefile!! :
[2020-03-09 14:21:42,648: WARNING/ForkPoolWorker-14] /ssd/Howard/Virus/bacteriaNGS/VirusRNASeq/media/tmp/Project2eb8970660d911ea8fc2e41f1345dc74_virus@gmail.com_328cbc3660d911eaa251e41f1345dc74/Snakefile
[2020-03-09 14:21:42,656: WARNING/ForkPoolWorker-14] c.pid:
[2020-03-09 14:21:42,657: WARNING/ForkPoolWorker-14] 10254
[2020-03-09 14:21:42,657: WARNING/ForkPoolWorker-14] c.out: whoami ~
[2020-03-09 14:21:42,658: WARNING/ForkPoolWorker-14] apache
[2020-03-09 14:21:42,658: WARNING/ForkPoolWorker-14] c.return_code:
[2020-03-09 14:21:42,658: WARNING/ForkPoolWorker-14] None
[2020-03-09 14:21:42,665: WARNING/ForkPoolWorker-14] c.pid:
[2020-03-09 14:21:42,665: WARNING/ForkPoolWorker-14] 10256
[2020-03-09 14:21:42,666: WARNING/ForkPoolWorker-14] c.out: groups ~
[2020-03-09 14:21:42,666: WARNING/ForkPoolWorker-14] apache root wheel celery
[2020-03-09 14:21:42,666: WARNING/ForkPoolWorker-14] c.return_code:
[2020-03-09 14:21:42,666: WARNING/ForkPoolWorker-14] None
[2020-03-09 14:21:42,666: WARNING/ForkPoolWorker-14] Second time!
[2020-03-09 14:21:42,983: WARNING/ForkPoolWorker-14] snakemake_result:
[2020-03-09 14:21:42,984: WARNING/ForkPoolWorker-14] 1
[2020-03-09 14:21:42,987: DEBUG/ForkPoolWorker-14] (0.000) SELECT "django_celery_results_taskresult"."id", "django_celery_results_taskresult"."task_id", "django_celery_results_taskresult"."task_name", "django_celery_results_taskresult"."task_args", "django_celery_results_taskresult"."task_kwargs", "django_celery_results_taskresult"."status", "django_celery_results_taskresult"."content_type", "django_celery_results_taskresult"."content_encoding", "django_celery_results_taskresult"."result", "django_celery_results_taskresult"."date_done", "django_celery_results_taskresult"."traceback", "django_celery_results_taskresult"."hidden", "django_celery_results_taskresult"."meta" FROM "django_celery_results_taskresult" WHERE "django_celery_results_taskresult"."task_id" = 'Project2eb8970660d911ea8fc2e41f1345dc74virus@gmail.com328cbc3660d911eaa251e41f1345dc74'; args=('Project2eb8970660d911ea8fc2e41f1345dc74virus@gmail.com328cbc3660d911eaa251e41f1345dc74',)
[2020-03-09 14:21:42,994: DEBUG/ForkPoolWorker-14] (0.004) UPDATE "django_celery_results_taskresult" SET "task_id" = 'Project2eb8970660d911ea8fc2e41f1345dc74virus@gmail.com328cbc3660d911eaa251e41f1345dc74', "task_name" = 'dataanalysis.tasks.start_snakemake_task', "task_args" = '[''/ssd/Howard/Virus/bacteriaNGS/VirusRNASeq/media/tmp/Project2eb8970660d911ea8fc2e41f1345dc74_virus@gmail.com_328cbc3660d911eaa251e41f1345dc74'']', "task_kwargs" = '{}', "status" = 'SUCCESS', "content_type" = 'application/json', "content_encoding" = 'utf-8', "result" = 'null', "date_done" = '2020-03-09 06:21:42.988675', "traceback" = NULL, "hidden" = 0, "meta" = '{"children": []}' WHERE "django_celery_results_taskresult"."id" = 168; args=('Project2eb8970660d911ea8fc2e41f1345dc74virus@gmail.com328cbc3660d911eaa251e41f1345dc74', 'dataanalysis.tasks.start_snakemake_task', "['/ssd/Howard/Virus/bacteriaNGS/VirusRNASeq/media/tmp/Project2eb8970660d911ea8fc2e41f1345dc74_virus@gmail.com_328cbc3660d911eaa251e41f1345dc74']", '{}', 'SUCCESS', 'application/json', 'utf-8', 'null', '2020-03-09 06:21:42.988675', False, '{"children": []}', 168)
