[2020-03-07 20:40:43,387: DEBUG/ForkPoolWorker-6] (0.002) SELECT "django_celery_results_taskresult"."id", "django_celery_results_taskresult"."task_id", "django_celery_results_taskresult"."task_name", "django_celery_results_taskresult"."task_args", "django_celery_results_taskresult"."task_kwargs", "django_celery_results_taskresult"."status", "django_celery_results_taskresult"."content_type", "django_celery_results_taskresult"."content_encoding", "django_celery_results_taskresult"."result", "django_celery_results_taskresult"."date_done", "django_celery_results_taskresult"."traceback", "django_celery_results_taskresult"."hidden", "django_celery_results_taskresult"."meta" FROM "django_celery_results_taskresult" WHERE "django_celery_results_taskresult"."task_id" = 'Projectfa437b4c603a11ea9937e41f1345dc74virus@gmail.comfeb39004603a11ea9b83e41f1345dc74'; args=('Projectfa437b4c603a11ea9937e41f1345dc74virus@gmail.comfeb39004603a11ea9b83e41f1345dc74',)
[2020-03-07 20:40:43,388: DEBUG/ForkPoolWorker-6] (0.000) BEGIN; args=None
[2020-03-07 20:40:43,390: DEBUG/ForkPoolWorker-6] (0.000) INSERT INTO "django_celery_results_taskresult" ("task_id", "task_name", "task_args", "task_kwargs", "status", "content_type", "content_encoding", "result", "date_done", "traceback", "hidden", "meta") VALUES ('Projectfa437b4c603a11ea9937e41f1345dc74virus@gmail.comfeb39004603a11ea9b83e41f1345dc74', 'dataanalysis.tasks.start_snakemake_task', '[''/ssd/Howard/Virus/bacteriaNGS/VirusRNASeq/media/tmp/Projectfa437b4c603a11ea9937e41f1345dc74_virus@gmail.com_feb39004603a11ea9b83e41f1345dc74'']', '{}', 'STARTED', 'application/json', 'utf-8', '{"pid": 29429, "hostname": "worker1@localhost.localdomain"}', '2020-03-07 12:40:43.389351', NULL, 0, '{"children": []}'); args=['Projectfa437b4c603a11ea9937e41f1345dc74virus@gmail.comfeb39004603a11ea9b83e41f1345dc74', 'dataanalysis.tasks.start_snakemake_task', "['/ssd/Howard/Virus/bacteriaNGS/VirusRNASeq/media/tmp/Projectfa437b4c603a11ea9937e41f1345dc74_virus@gmail.com_feb39004603a11ea9b83e41f1345dc74']", '{}', 'STARTED', 'application/json', 'utf-8', '{"pid": 29429, "hostname": "worker1@localhost.localdomain"}', '2020-03-07 12:40:43.389351', None, False, '{"children": []}']
[2020-03-07 20:40:43,393: WARNING/ForkPoolWorker-6] snakefile!! :
[2020-03-07 20:40:43,393: WARNING/ForkPoolWorker-6] /ssd/Howard/Virus/bacteriaNGS/VirusRNASeq/media/tmp/Projectfa437b4c603a11ea9937e41f1345dc74_virus@gmail.com_feb39004603a11ea9b83e41f1345dc74/Snakefile
[2020-03-07 20:40:43,401: WARNING/ForkPoolWorker-6] c.pid:
[2020-03-07 20:40:43,401: WARNING/ForkPoolWorker-6] 8926
[2020-03-07 20:40:43,402: WARNING/ForkPoolWorker-6] c.out: whoami ~
[2020-03-07 20:40:43,402: WARNING/ForkPoolWorker-6] apache
[2020-03-07 20:40:43,403: WARNING/ForkPoolWorker-6] c.return_code:
[2020-03-07 20:40:43,403: WARNING/ForkPoolWorker-6] None
[2020-03-07 20:40:43,409: WARNING/ForkPoolWorker-6] c.pid:
[2020-03-07 20:40:43,410: WARNING/ForkPoolWorker-6] 8928
[2020-03-07 20:40:43,410: WARNING/ForkPoolWorker-6] c.out: groups ~
[2020-03-07 20:40:43,411: WARNING/ForkPoolWorker-6] apache root wheel celery
[2020-03-07 20:40:43,411: WARNING/ForkPoolWorker-6] c.return_code:
[2020-03-07 20:40:43,411: WARNING/ForkPoolWorker-6] None
[2020-03-07 20:40:43,411: WARNING/ForkPoolWorker-6] Second time!
[2020-03-07 21:02:07,366: WARNING/ForkPoolWorker-6] snakemake_result:
[2020-03-07 21:02:07,367: WARNING/ForkPoolWorker-6] 0
[2020-03-07 21:02:07,370: DEBUG/ForkPoolWorker-6] (0.000) SELECT "django_celery_results_taskresult"."id", "django_celery_results_taskresult"."task_id", "django_celery_results_taskresult"."task_name", "django_celery_results_taskresult"."task_args", "django_celery_results_taskresult"."task_kwargs", "django_celery_results_taskresult"."status", "django_celery_results_taskresult"."content_type", "django_celery_results_taskresult"."content_encoding", "django_celery_results_taskresult"."result", "django_celery_results_taskresult"."date_done", "django_celery_results_taskresult"."traceback", "django_celery_results_taskresult"."hidden", "django_celery_results_taskresult"."meta" FROM "django_celery_results_taskresult" WHERE "django_celery_results_taskresult"."task_id" = 'Projectfa437b4c603a11ea9937e41f1345dc74virus@gmail.comfeb39004603a11ea9b83e41f1345dc74'; args=('Projectfa437b4c603a11ea9937e41f1345dc74virus@gmail.comfeb39004603a11ea9b83e41f1345dc74',)
[2020-03-07 21:02:07,376: DEBUG/ForkPoolWorker-6] (0.003) UPDATE "django_celery_results_taskresult" SET "task_id" = 'Projectfa437b4c603a11ea9937e41f1345dc74virus@gmail.comfeb39004603a11ea9b83e41f1345dc74', "task_name" = 'dataanalysis.tasks.start_snakemake_task', "task_args" = '[''/ssd/Howard/Virus/bacteriaNGS/VirusRNASeq/media/tmp/Projectfa437b4c603a11ea9937e41f1345dc74_virus@gmail.com_feb39004603a11ea9b83e41f1345dc74'']', "task_kwargs" = '{}', "status" = 'SUCCESS', "content_type" = 'application/json', "content_encoding" = 'utf-8', "result" = 'null', "date_done" = '2020-03-07 13:02:07.371831', "traceback" = NULL, "hidden" = 0, "meta" = '{"children": []}' WHERE "django_celery_results_taskresult"."id" = 164; args=('Projectfa437b4c603a11ea9937e41f1345dc74virus@gmail.comfeb39004603a11ea9b83e41f1345dc74', 'dataanalysis.tasks.start_snakemake_task', "['/ssd/Howard/Virus/bacteriaNGS/VirusRNASeq/media/tmp/Projectfa437b4c603a11ea9937e41f1345dc74_virus@gmail.com_feb39004603a11ea9b83e41f1345dc74']", '{}', 'SUCCESS', 'application/json', 'utf-8', 'null', '2020-03-07 13:02:07.371831', False, '{"children": []}', 164)
