[2020-03-08 14:15:50,056: DEBUG/ForkPoolWorker-10] (0.002) SELECT "django_celery_results_taskresult"."id", "django_celery_results_taskresult"."task_id", "django_celery_results_taskresult"."task_name", "django_celery_results_taskresult"."task_args", "django_celery_results_taskresult"."task_kwargs", "django_celery_results_taskresult"."status", "django_celery_results_taskresult"."content_type", "django_celery_results_taskresult"."content_encoding", "django_celery_results_taskresult"."result", "django_celery_results_taskresult"."date_done", "django_celery_results_taskresult"."traceback", "django_celery_results_taskresult"."hidden", "django_celery_results_taskresult"."meta" FROM "django_celery_results_taskresult" WHERE "django_celery_results_taskresult"."task_id" = 'Project900d2f1a610311ea8fc2e41f1345dc74virus_try_HM2WFCCXY_TCTTCT@gmail.com987a0542610311eaa251e41f1345dc74'; args=('Project900d2f1a610311ea8fc2e41f1345dc74virus_try_HM2WFCCXY_TCTTCT@gmail.com987a0542610311eaa251e41f1345dc74',)
[2020-03-08 14:15:50,058: DEBUG/ForkPoolWorker-10] (0.000) BEGIN; args=None
[2020-03-08 14:15:50,060: DEBUG/ForkPoolWorker-10] (0.001) INSERT INTO "django_celery_results_taskresult" ("task_id", "task_name", "task_args", "task_kwargs", "status", "content_type", "content_encoding", "result", "date_done", "traceback", "hidden", "meta") VALUES ('Project900d2f1a610311ea8fc2e41f1345dc74virus_try_HM2WFCCXY_TCTTCT@gmail.com987a0542610311eaa251e41f1345dc74', 'dataanalysis.tasks.start_snakemake_task', '[''/ssd/Howard/Virus/bacteriaNGS/VirusRNASeq/media/tmp/Project900d2f1a610311ea8fc2e41f1345dc74_virus_try_HM2WFCCXY_TCTTCT@gmail.com_987a0542610311eaa251e41f1345dc74'']', '{}', 'STARTED', 'application/json', 'utf-8', '{"pid": 29434, "hostname": "worker1@localhost.localdomain"}', '2020-03-08 06:15:50.059137', NULL, 0, '{"children": []}'); args=['Project900d2f1a610311ea8fc2e41f1345dc74virus_try_HM2WFCCXY_TCTTCT@gmail.com987a0542610311eaa251e41f1345dc74', 'dataanalysis.tasks.start_snakemake_task', "['/ssd/Howard/Virus/bacteriaNGS/VirusRNASeq/media/tmp/Project900d2f1a610311ea8fc2e41f1345dc74_virus_try_HM2WFCCXY_TCTTCT@gmail.com_987a0542610311eaa251e41f1345dc74']", '{}', 'STARTED', 'application/json', 'utf-8', '{"pid": 29434, "hostname": "worker1@localhost.localdomain"}', '2020-03-08 06:15:50.059137', None, False, '{"children": []}']
[2020-03-08 14:15:50,063: WARNING/ForkPoolWorker-10] snakefile!! :
[2020-03-08 14:15:50,063: WARNING/ForkPoolWorker-10] /ssd/Howard/Virus/bacteriaNGS/VirusRNASeq/media/tmp/Project900d2f1a610311ea8fc2e41f1345dc74_virus_try_HM2WFCCXY_TCTTCT@gmail.com_987a0542610311eaa251e41f1345dc74/Snakefile
[2020-03-08 14:15:50,071: WARNING/ForkPoolWorker-10] c.pid:
[2020-03-08 14:15:50,071: WARNING/ForkPoolWorker-10] 3486
[2020-03-08 14:15:50,072: WARNING/ForkPoolWorker-10] c.out: whoami ~
[2020-03-08 14:15:50,072: WARNING/ForkPoolWorker-10] apache
[2020-03-08 14:15:50,072: WARNING/ForkPoolWorker-10] c.return_code:
[2020-03-08 14:15:50,073: WARNING/ForkPoolWorker-10] None
[2020-03-08 14:15:50,079: WARNING/ForkPoolWorker-10] c.pid:
[2020-03-08 14:15:50,079: WARNING/ForkPoolWorker-10] 3488
[2020-03-08 14:15:50,080: WARNING/ForkPoolWorker-10] c.out: groups ~
[2020-03-08 14:15:50,080: WARNING/ForkPoolWorker-10] apache root wheel celery
[2020-03-08 14:15:50,080: WARNING/ForkPoolWorker-10] c.return_code:
[2020-03-08 14:15:50,080: WARNING/ForkPoolWorker-10] None
[2020-03-08 14:15:50,080: WARNING/ForkPoolWorker-10] Second time!
[2020-03-08 17:52:14,585: WARNING/ForkPoolWorker-10] snakemake_result:
[2020-03-08 17:52:14,585: WARNING/ForkPoolWorker-10] 1
[2020-03-08 17:52:14,589: DEBUG/ForkPoolWorker-10] (0.000) SELECT "django_celery_results_taskresult"."id", "django_celery_results_taskresult"."task_id", "django_celery_results_taskresult"."task_name", "django_celery_results_taskresult"."task_args", "django_celery_results_taskresult"."task_kwargs", "django_celery_results_taskresult"."status", "django_celery_results_taskresult"."content_type", "django_celery_results_taskresult"."content_encoding", "django_celery_results_taskresult"."result", "django_celery_results_taskresult"."date_done", "django_celery_results_taskresult"."traceback", "django_celery_results_taskresult"."hidden", "django_celery_results_taskresult"."meta" FROM "django_celery_results_taskresult" WHERE "django_celery_results_taskresult"."task_id" = 'Project900d2f1a610311ea8fc2e41f1345dc74virus_try_HM2WFCCXY_TCTTCT@gmail.com987a0542610311eaa251e41f1345dc74'; args=('Project900d2f1a610311ea8fc2e41f1345dc74virus_try_HM2WFCCXY_TCTTCT@gmail.com987a0542610311eaa251e41f1345dc74',)
[2020-03-08 17:52:14,596: DEBUG/ForkPoolWorker-10] (0.004) UPDATE "django_celery_results_taskresult" SET "task_id" = 'Project900d2f1a610311ea8fc2e41f1345dc74virus_try_HM2WFCCXY_TCTTCT@gmail.com987a0542610311eaa251e41f1345dc74', "task_name" = 'dataanalysis.tasks.start_snakemake_task', "task_args" = '[''/ssd/Howard/Virus/bacteriaNGS/VirusRNASeq/media/tmp/Project900d2f1a610311ea8fc2e41f1345dc74_virus_try_HM2WFCCXY_TCTTCT@gmail.com_987a0542610311eaa251e41f1345dc74'']', "task_kwargs" = '{}', "status" = 'SUCCESS', "content_type" = 'application/json', "content_encoding" = 'utf-8', "result" = 'null', "date_done" = '2020-03-08 09:52:14.590664', "traceback" = NULL, "hidden" = 0, "meta" = '{"children": []}' WHERE "django_celery_results_taskresult"."id" = 166; args=('Project900d2f1a610311ea8fc2e41f1345dc74virus_try_HM2WFCCXY_TCTTCT@gmail.com987a0542610311eaa251e41f1345dc74', 'dataanalysis.tasks.start_snakemake_task', "['/ssd/Howard/Virus/bacteriaNGS/VirusRNASeq/media/tmp/Project900d2f1a610311ea8fc2e41f1345dc74_virus_try_HM2WFCCXY_TCTTCT@gmail.com_987a0542610311eaa251e41f1345dc74']", '{}', 'SUCCESS', 'application/json', 'utf-8', 'null', '2020-03-08 09:52:14.590664', False, '{"children": []}', 166)
