[2020-03-08 09:05:31,006: DEBUG/ForkPoolWorker-8] (0.002) SELECT "django_celery_results_taskresult"."id", "django_celery_results_taskresult"."task_id", "django_celery_results_taskresult"."task_name", "django_celery_results_taskresult"."task_args", "django_celery_results_taskresult"."task_kwargs", "django_celery_results_taskresult"."status", "django_celery_results_taskresult"."content_type", "django_celery_results_taskresult"."content_encoding", "django_celery_results_taskresult"."result", "django_celery_results_taskresult"."date_done", "django_celery_results_taskresult"."traceback", "django_celery_results_taskresult"."hidden", "django_celery_results_taskresult"."meta" FROM "django_celery_results_taskresult" WHERE "django_celery_results_taskresult"."task_id" = 'Project97d903ac60d811eaa251e41f1345dc74denovomore@gmail.com9e96070860d811ea8fc2e41f1345dc74'; args=('Project97d903ac60d811eaa251e41f1345dc74denovomore@gmail.com9e96070860d811ea8fc2e41f1345dc74',)
[2020-03-08 09:05:31,007: DEBUG/ForkPoolWorker-8] (0.000) BEGIN; args=None
[2020-03-08 09:05:31,009: DEBUG/ForkPoolWorker-8] (0.001) INSERT INTO "django_celery_results_taskresult" ("task_id", "task_name", "task_args", "task_kwargs", "status", "content_type", "content_encoding", "result", "date_done", "traceback", "hidden", "meta") VALUES ('Project97d903ac60d811eaa251e41f1345dc74denovomore@gmail.com9e96070860d811ea8fc2e41f1345dc74', 'dataanalysis.tasks.start_snakemake_task', '[''/ssd/Howard/Virus/bacteriaNGS/VirusRNASeq/media/tmp/Project97d903ac60d811eaa251e41f1345dc74_denovomore@gmail.com_9e96070860d811ea8fc2e41f1345dc74'']', '{}', 'STARTED', 'application/json', 'utf-8', '{"pid": 29432, "hostname": "worker1@localhost.localdomain"}', '2020-03-08 01:05:31.008613', NULL, 0, '{"children": []}'); args=['Project97d903ac60d811eaa251e41f1345dc74denovomore@gmail.com9e96070860d811ea8fc2e41f1345dc74', 'dataanalysis.tasks.start_snakemake_task', "['/ssd/Howard/Virus/bacteriaNGS/VirusRNASeq/media/tmp/Project97d903ac60d811eaa251e41f1345dc74_denovomore@gmail.com_9e96070860d811ea8fc2e41f1345dc74']", '{}', 'STARTED', 'application/json', 'utf-8', '{"pid": 29432, "hostname": "worker1@localhost.localdomain"}', '2020-03-08 01:05:31.008613', None, False, '{"children": []}']
[2020-03-08 09:05:31,013: WARNING/ForkPoolWorker-8] snakefile!! :
[2020-03-08 09:05:31,013: WARNING/ForkPoolWorker-8] /ssd/Howard/Virus/bacteriaNGS/VirusRNASeq/media/tmp/Project97d903ac60d811eaa251e41f1345dc74_denovomore@gmail.com_9e96070860d811ea8fc2e41f1345dc74/Snakefile
[2020-03-08 09:05:31,021: WARNING/ForkPoolWorker-8] c.pid:
[2020-03-08 09:05:31,021: WARNING/ForkPoolWorker-8] 26167
[2020-03-08 09:05:31,022: WARNING/ForkPoolWorker-8] c.out: whoami ~
[2020-03-08 09:05:31,022: WARNING/ForkPoolWorker-8] apache
[2020-03-08 09:05:31,022: WARNING/ForkPoolWorker-8] c.return_code:
[2020-03-08 09:05:31,022: WARNING/ForkPoolWorker-8] None
[2020-03-08 09:05:31,028: WARNING/ForkPoolWorker-8] c.pid:
[2020-03-08 09:05:31,029: WARNING/ForkPoolWorker-8] 26169
[2020-03-08 09:05:31,029: WARNING/ForkPoolWorker-8] c.out: groups ~
[2020-03-08 09:05:31,030: WARNING/ForkPoolWorker-8] apache root wheel celery
[2020-03-08 09:05:31,030: WARNING/ForkPoolWorker-8] c.return_code:
[2020-03-08 09:05:31,030: WARNING/ForkPoolWorker-8] None
[2020-03-08 09:05:31,030: WARNING/ForkPoolWorker-8] Second time!
[2020-03-08 13:29:24,021: WARNING/ForkPoolWorker-8] snakemake_result:
[2020-03-08 13:29:24,021: WARNING/ForkPoolWorker-8] 1
[2020-03-08 13:29:24,024: DEBUG/ForkPoolWorker-8] (0.000) SELECT "django_celery_results_taskresult"."id", "django_celery_results_taskresult"."task_id", "django_celery_results_taskresult"."task_name", "django_celery_results_taskresult"."task_args", "django_celery_results_taskresult"."task_kwargs", "django_celery_results_taskresult"."status", "django_celery_results_taskresult"."content_type", "django_celery_results_taskresult"."content_encoding", "django_celery_results_taskresult"."result", "django_celery_results_taskresult"."date_done", "django_celery_results_taskresult"."traceback", "django_celery_results_taskresult"."hidden", "django_celery_results_taskresult"."meta" FROM "django_celery_results_taskresult" WHERE "django_celery_results_taskresult"."task_id" = 'Project97d903ac60d811eaa251e41f1345dc74denovomore@gmail.com9e96070860d811ea8fc2e41f1345dc74'; args=('Project97d903ac60d811eaa251e41f1345dc74denovomore@gmail.com9e96070860d811ea8fc2e41f1345dc74',)
[2020-03-08 13:29:24,032: DEBUG/ForkPoolWorker-8] (0.005) UPDATE "django_celery_results_taskresult" SET "task_id" = 'Project97d903ac60d811eaa251e41f1345dc74denovomore@gmail.com9e96070860d811ea8fc2e41f1345dc74', "task_name" = 'dataanalysis.tasks.start_snakemake_task', "task_args" = '[''/ssd/Howard/Virus/bacteriaNGS/VirusRNASeq/media/tmp/Project97d903ac60d811eaa251e41f1345dc74_denovomore@gmail.com_9e96070860d811ea8fc2e41f1345dc74'']', "task_kwargs" = '{}', "status" = 'SUCCESS', "content_type" = 'application/json', "content_encoding" = 'utf-8', "result" = 'null', "date_done" = '2020-03-08 05:29:24.026284', "traceback" = NULL, "hidden" = 0, "meta" = '{"children": []}' WHERE "django_celery_results_taskresult"."id" = 165; args=('Project97d903ac60d811eaa251e41f1345dc74denovomore@gmail.com9e96070860d811ea8fc2e41f1345dc74', 'dataanalysis.tasks.start_snakemake_task', "['/ssd/Howard/Virus/bacteriaNGS/VirusRNASeq/media/tmp/Project97d903ac60d811eaa251e41f1345dc74_denovomore@gmail.com_9e96070860d811ea8fc2e41f1345dc74']", '{}', 'SUCCESS', 'application/json', 'utf-8', 'null', '2020-03-08 05:29:24.026284', False, '{"children": []}', 165)
