[2020-02-22 00:31:47,843: WARNING/ForkPoolWorker-4] Start snakemake
[2020-02-22 00:31:47,843: WARNING/ForkPoolWorker-4] working_directory:
[2020-02-22 00:31:47,843: WARNING/ForkPoolWorker-4] /ssd/Howard/Virus/bacteriaNGS/VirusRNASeq/media/tmp/Project7efb0c0854c711ea8b6be41f1345dc74_b05901180@ntu.edu.tw_83cd7b1254c711eab992e41f1345dc74
[2020-02-22 00:31:47,843: WARNING/ForkPoolWorker-4] Print finished !!
[2020-02-22 00:31:47,843: WARNING/ForkPoolWorker-4] snakefile!! :
[2020-02-22 00:31:47,844: WARNING/ForkPoolWorker-4] /ssd/Howard/Virus/bacteriaNGS/VirusRNASeq/media/tmp/Project7efb0c0854c711ea8b6be41f1345dc74_b05901180@ntu.edu.tw_83cd7b1254c711eab992e41f1345dc74/Snakefile
[2020-02-22 00:31:47,852: WARNING/ForkPoolWorker-4] c.pid:
[2020-02-22 00:31:47,853: WARNING/ForkPoolWorker-4] 19735
[2020-02-22 00:31:47,853: WARNING/ForkPoolWorker-4] c.out: whoami ~
[2020-02-22 00:31:47,853: WARNING/ForkPoolWorker-4] apache
[2020-02-22 00:31:47,853: WARNING/ForkPoolWorker-4] c.return_code:
[2020-02-22 00:31:47,854: WARNING/ForkPoolWorker-4] None
[2020-02-22 00:31:47,861: WARNING/ForkPoolWorker-4] c.pid:
[2020-02-22 00:31:47,861: WARNING/ForkPoolWorker-4] 19737
[2020-02-22 00:31:47,862: WARNING/ForkPoolWorker-4] c.out: groups ~
[2020-02-22 00:31:47,862: WARNING/ForkPoolWorker-4] apache root wheel celery
[2020-02-22 00:31:47,862: WARNING/ForkPoolWorker-4] c.return_code:
[2020-02-22 00:31:47,862: WARNING/ForkPoolWorker-4] None
[2020-02-22 00:31:47,862: WARNING/ForkPoolWorker-4] Second time!
[2020-02-22 00:31:48,761: WARNING/ForkPoolWorker-4] snakemake_result:
[2020-02-22 00:31:48,761: WARNING/ForkPoolWorker-4] 1
